<?xml version="1.0" encoding="UTF-8"?>
<!-- Generated by org.testng.reporters.JUnitXMLReporter -->
<testsuite ignored="0" hostname="DESKTOP-4DIFK22" failures="1" tests="1" name="firefox Test" time="0.016" errors="0" timestamp="2022-12-30T23:00:57 IST">
  <testcase classname="org.tcs.CrossBrowser" name="login" time="0.0">
    <failure type="org.testng.TestNGException" message="
Parameter &amp;apos;browser&amp;apos; is required by @Test on method login but has not been marked @Optional or defined
in C:\Users\Karthikeyan\eclipse-workspace\Framework\CrossBrowser.xml">
      <![CDATA[org.testng.TestNGException: 
Parameter 'browser' is required by @Test on method login but has not been marked @Optional or defined
in C:\Users\Karthikeyan\eclipse-workspace\Framework\CrossBrowser.xml
at java.base/java.util.ArrayList.forEach(ArrayList.java:1511)
... Removed 26 stack frames]]>
    </failure>
  </testcase> <!-- login -->
</testsuite> <!-- firefox Test -->
