<?xml version="1.0" encoding="UTF-8"?>
<!-- Generated by org.testng.reporters.JUnitXMLReporter -->
<testsuite ignored="2" hostname="DESKTOP-4DIFK22" failures="0" tests="7" name="Test" time="0.134" errors="0" timestamp="2023-01-22T15:55:57 IST">
  <testcase classname="org.tcs.Group1" name="tc_1" time="0.019"/>
  <testcase classname="org.tcs.Group1" name="tc_2" time="0.003"/>
  <testcase classname="org.tcs.Group1" name="tc_4" time="0.002"/>
  <testcase classname="org.tcs.Group1" name="tc_5" time="0.004"/>
  <testcase classname="org.tcs.Group2" name="tc_6" time="0.002"/>
  <testcase classname="org.tcs.Group2" name="tc_7" time="0.008"/>
  <testcase classname="org.tcs.Group2" name="tc_9" time="0.004"/>
  <testcase classname="org.tcs.Group2" name="tc_8" time="0.0">
    <ignored/>
  </testcase> <!-- tc_8 -->
  <testcase classname="org.tcs.Group1" name="tc_3" time="0.0">
    <ignored/>
  </testcase> <!-- tc_3 -->
</testsuite> <!-- Test -->
