<?xml version="1.0" encoding="UTF-8"?>
<testng-results ignored="2" total="9" passed="7" failed="0" skipped="0">
  <reporter-output>
  </reporter-output>
  <suite started-at="2023-01-22T15:55:57 IST" name="Suite" finished-at="2023-01-22T15:55:57 IST" duration-ms="134">
    <groups>
      <group name="smoke">
        <method signature="Group1.tc_1()[pri:0, instance:org.tcs.Group1@498d318c]" name="tc_1" class="org.tcs.Group1"/>
        <method signature="Group1.tc_4()[pri:0, instance:org.tcs.Group1@498d318c]" name="tc_4" class="org.tcs.Group1"/>
        <method signature="Group2.tc_6()[pri:0, instance:org.tcs.Group1@498d318c]" name="tc_6" class="org.tcs.Group2"/>
        <method signature="Group2.tc_9()[pri:0, instance:org.tcs.Group1@498d318c]" name="tc_9" class="org.tcs.Group2"/>
      </group> <!-- smoke -->
      <group name="sanity">
        <method signature="Group1.tc_2()[pri:0, instance:org.tcs.Group1@498d318c]" name="tc_2" class="org.tcs.Group1"/>
        <method signature="Group1.tc_5()[pri:0, instance:org.tcs.Group1@498d318c]" name="tc_5" class="org.tcs.Group1"/>
        <method signature="Group2.tc_7()[pri:0, instance:org.tcs.Group1@498d318c]" name="tc_7" class="org.tcs.Group2"/>
      </group> <!-- sanity -->
    </groups>
    <test started-at="2023-01-22T15:55:57 IST" name="Test" finished-at="2023-01-22T15:55:57 IST" duration-ms="134">
      <class name="org.tcs.Group1">
        <test-method signature="tc_1()[pri:0, instance:org.tcs.Group1@498d318c]" started-at="2023-01-22T15:55:57 IST" name="tc_1" finished-at="2023-01-22T15:55:57 IST" duration-ms="19" status="PASS">
          <reporter-output>
          </reporter-output>
        </test-method> <!-- tc_1 -->
        <test-method signature="tc_2()[pri:0, instance:org.tcs.Group1@498d318c]" started-at="2023-01-22T15:55:57 IST" name="tc_2" finished-at="2023-01-22T15:55:57 IST" duration-ms="3" status="PASS">
          <reporter-output>
          </reporter-output>
        </test-method> <!-- tc_2 -->
        <test-method signature="tc_4()[pri:0, instance:org.tcs.Group1@498d318c]" started-at="2023-01-22T15:55:57 IST" name="tc_4" finished-at="2023-01-22T15:55:57 IST" duration-ms="2" status="PASS">
          <reporter-output>
          </reporter-output>
        </test-method> <!-- tc_4 -->
        <test-method signature="tc_5()[pri:0, instance:org.tcs.Group1@498d318c]" started-at="2023-01-22T15:55:57 IST" name="tc_5" finished-at="2023-01-22T15:55:57 IST" duration-ms="4" status="PASS">
          <reporter-output>
          </reporter-output>
        </test-method> <!-- tc_5 -->
        <test-method signature="tc_6()[pri:0, instance:org.tcs.Group1@498d318c]" started-at="2023-01-22T15:55:57 IST" name="tc_6" finished-at="2023-01-22T15:55:57 IST" duration-ms="2" status="PASS">
          <reporter-output>
          </reporter-output>
        </test-method> <!-- tc_6 -->
        <test-method signature="tc_7()[pri:0, instance:org.tcs.Group1@498d318c]" started-at="2023-01-22T15:55:57 IST" name="tc_7" finished-at="2023-01-22T15:55:57 IST" duration-ms="8" status="PASS">
          <reporter-output>
          </reporter-output>
        </test-method> <!-- tc_7 -->
        <test-method signature="tc_9()[pri:0, instance:org.tcs.Group1@498d318c]" started-at="2023-01-22T15:55:57 IST" name="tc_9" finished-at="2023-01-22T15:55:57 IST" duration-ms="4" status="PASS">
          <reporter-output>
          </reporter-output>
        </test-method> <!-- tc_9 -->
      </class> <!-- org.tcs.Group1 -->
    </test> <!-- Test -->
  </suite> <!-- Suite -->
</testng-results>
